<?xml version="1.0" encoding="UTF-8"?>
<testsuite xmlns:xsi="http://www.w3.org/2001/XMLSchema-instance" xsi:noNamespaceSchemaLocation="https://maven.apache.org/surefire/maven-surefire-plugin/xsd/surefire-test-report-3.0.xsd" version="3.0" name="com.example.ApplicationTests" time="3.723" tests="1" errors="0" skipped="0" failures="0">
  <properties>
[...]
</properties>
  <testcase name="contextLoads" classname="com.example.ApplicationTests" time="0.681">
    <system-out><![CDATA[21:09:44.670 [main] INFO org.springframework.test.context.support.AnnotationConfigContextLoaderUtils -- Could not detect default configuration classes for test class [com.example.ApplicationTests]: ApplicationTests does not declare any static, non-private, non-final, nested classes annotated with @Configuration.
21:09:44.735 [main] INFO org.springframework.boot.test.context.SpringBootTestContextBootstrapper -- Found @SpringBootConfiguration com.example.Application for test class com.example.ApplicationTests

  .   ____          _            __ _ _
 /\\ / ___'_ __ _ _(_)_ __  __ _ \ \ \ \
( ( )\___ | '_ | '_| | '_ \/ _` | \ \ \ \
 \\/  ___)| |_)| | | | | || (_| |  ) ) ) )
  '  |____| .__|_| |_|_| |_\__, | / / / /
 =========|_|==============|___/=/_/_/_/
 :: Spring Boot ::                (v3.1.6)

2024-12-07T21:09:45.107+08:00  INFO 38036 --- [           main] com.example.ApplicationTests             : Starting ApplicationTests using Java 17.0.12 with PID 38036 (started by 官新皓 in D:\SpringBoot)
2024-12-07T21:09:45.109+08:00  INFO 38036 --- [           main] com.example.ApplicationTests             : No active profile set, falling back to 1 default profile: "default"
2024-12-07T21:09:45.642+08:00  INFO 38036 --- [           main] .s.d.r.c.RepositoryConfigurationDelegate : Multiple Spring Data modules found, entering strict repository configuration mode
2024-12-07T21:09:45.645+08:00  INFO 38036 --- [           main] .s.d.r.c.RepositoryConfigurationDelegate : Bootstrapping Spring Data Redis repositories in DEFAULT mode.
2024-12-07T21:09:45.680+08:00  INFO 38036 --- [           main] .s.d.r.c.RepositoryConfigurationDelegate : Finished Spring Data repository scanning in 15 ms. Found 0 Redis repository interfaces.
2024-12-07T21:09:45.761+08:00  WARN 38036 --- [           main] o.m.s.mapper.ClassPathMapperScanner      : No MyBatis mapper was found in '[com.example]' package. Please check your configuration.
2024-12-07T21:09:47.588+08:00  INFO 38036 --- [           main] com.example.ApplicationTests             : Started ApplicationTests in 2.753 seconds (process running for 3.411)
]]></system-out>
  </testcase>
</testsuite>